<?xml version="1.0" encoding="UTF-8"?>
<testsuite name="com.junseong.book.springboot.web.ProfileControllerTest" tests="1" skipped="0" failures="0" errors="0" timestamp="2021-03-05T18:40:15" hostname="DESKTOP-34D3ITU" time="0.338">
  <properties/>
  <testcase name="profile은_인증없이_호출된다" classname="com.junseong.book.springboot.web.ProfileControllerTest" time="0.338"/>
  <system-out><![CDATA[03:40:07.797 [Test worker] DEBUG org.springframework.test.context.junit4.SpringJUnit4ClassRunner - SpringJUnit4ClassRunner constructor called with [class com.junseong.book.springboot.web.ProfileControllerTest]
03:40:07.797 [Test worker] DEBUG org.springframework.test.context.BootstrapUtils - Instantiating CacheAwareContextLoaderDelegate from class [org.springframework.test.context.cache.DefaultCacheAwareContextLoaderDelegate]
03:40:07.813 [Test worker] DEBUG org.springframework.test.context.BootstrapUtils - Instantiating BootstrapContext using constructor [public org.springframework.test.context.support.DefaultBootstrapContext(java.lang.Class,org.springframework.test.context.CacheAwareContextLoaderDelegate)]
03:40:07.831 [Test worker] DEBUG org.springframework.test.context.BootstrapUtils - Instantiating TestContextBootstrapper for test class [com.junseong.book.springboot.web.ProfileControllerTest] from class [org.springframework.boot.test.context.SpringBootTestContextBootstrapper]
03:40:07.847 [Test worker] INFO org.springframework.boot.test.context.SpringBootTestContextBootstrapper - Neither @ContextConfiguration nor @ContextHierarchy found for test class [com.junseong.book.springboot.web.ProfileControllerTest], using SpringBootContextLoader
03:40:07.847 [Test worker] DEBUG org.springframework.test.context.support.AbstractContextLoader - Did not detect default resource location for test class [com.junseong.book.springboot.web.ProfileControllerTest]: class path resource [com/junseong/book/springboot/web/ProfileControllerTest-context.xml] does not exist
03:40:07.862 [Test worker] DEBUG org.springframework.test.context.support.AbstractContextLoader - Did not detect default resource location for test class [com.junseong.book.springboot.web.ProfileControllerTest]: class path resource [com/junseong/book/springboot/web/ProfileControllerTestContext.groovy] does not exist
03:40:07.863 [Test worker] INFO org.springframework.test.context.support.AbstractContextLoader - Could not detect default resource locations for test class [com.junseong.book.springboot.web.ProfileControllerTest]: no resource found for suffixes {-context.xml, Context.groovy}.
03:40:07.863 [Test worker] INFO org.springframework.test.context.support.AnnotationConfigContextLoaderUtils - Could not detect default configuration classes for test class [com.junseong.book.springboot.web.ProfileControllerTest]: ProfileControllerTest does not declare any static, non-private, non-final, nested classes annotated with @Configuration.
03:40:07.895 [Test worker] DEBUG org.springframework.test.context.support.ActiveProfilesUtils - Could not find an 'annotation declaring class' for annotation type [org.springframework.test.context.ActiveProfiles] and class [com.junseong.book.springboot.web.ProfileControllerTest]
03:40:08.006 [Test worker] DEBUG org.springframework.context.annotation.ClassPathScanningCandidateComponentProvider - Identified candidate component class: file [C:\Users\pjs39\Desktop\study\webservice\build\classes\java\main\com\junseong\book\springboot\Application.class]
03:40:08.022 [Test worker] INFO org.springframework.boot.test.context.SpringBootTestContextBootstrapper - Found @SpringBootConfiguration com.junseong.book.springboot.Application for test class com.junseong.book.springboot.web.ProfileControllerTest
03:40:08.135 [Test worker] DEBUG org.springframework.boot.test.context.SpringBootTestContextBootstrapper - @TestExecutionListeners is not present for class [com.junseong.book.springboot.web.ProfileControllerTest]: using defaults.
03:40:08.135 [Test worker] INFO org.springframework.boot.test.context.SpringBootTestContextBootstrapper - Loaded default TestExecutionListener class names from location [META-INF/spring.factories]: [org.springframework.security.test.context.support.WithSecurityContextTestExecutionListener, org.springframework.security.test.context.support.ReactorContextTestExecutionListener, org.springframework.boot.test.autoconfigure.restdocs.RestDocsTestExecutionListener, org.springframework.boot.test.autoconfigure.web.client.MockRestServiceServerResetTestExecutionListener, org.springframework.boot.test.autoconfigure.web.servlet.MockMvcPrintOnlyOnFailureTestExecutionListener, org.springframework.boot.test.autoconfigure.web.servlet.WebDriverTestExecutionListener, org.springframework.boot.test.mock.mockito.MockitoTestExecutionListener, org.springframework.boot.test.mock.mockito.ResetMocksTestExecutionListener, org.springframework.test.context.web.ServletTestExecutionListener, org.springframework.test.context.support.DirtiesContextBeforeModesTestExecutionListener, org.springframework.test.context.support.DependencyInjectionTestExecutionListener, org.springframework.test.context.support.DirtiesContextTestExecutionListener, org.springframework.test.context.transaction.TransactionalTestExecutionListener, org.springframework.test.context.jdbc.SqlScriptsTestExecutionListener]
03:40:08.168 [Test worker] INFO org.springframework.boot.test.context.SpringBootTestContextBootstrapper - Using TestExecutionListeners: [org.springframework.test.context.web.ServletTestExecutionListener@40214b78, org.springframework.test.context.support.DirtiesContextBeforeModesTestExecutionListener@a147ed3, org.springframework.boot.test.mock.mockito.MockitoTestExecutionListener@6be4e095, org.springframework.boot.test.autoconfigure.SpringBootDependencyInjectionTestExecutionListener@70da788f, org.springframework.test.context.support.DirtiesContextTestExecutionListener@3a6a9767, org.springframework.test.context.transaction.TransactionalTestExecutionListener@1321941f, org.springframework.test.context.jdbc.SqlScriptsTestExecutionListener@5f8d2ea6, org.springframework.security.test.context.support.WithSecurityContextTestExecutionListener@7cb02bd8, org.springframework.security.test.context.support.ReactorContextTestExecutionListener@120f4a86, org.springframework.boot.test.autoconfigure.restdocs.RestDocsTestExecutionListener@d11b5b4, org.springframework.boot.test.autoconfigure.web.client.MockRestServiceServerResetTestExecutionListener@3b5f52ae, org.springframework.boot.test.autoconfigure.web.servlet.MockMvcPrintOnlyOnFailureTestExecutionListener@46cc40f6, org.springframework.boot.test.autoconfigure.web.servlet.WebDriverTestExecutionListener@2e7f79d3, org.springframework.boot.test.mock.mockito.ResetMocksTestExecutionListener@2e43d5bd]
03:40:08.168 [Test worker] DEBUG org.springframework.test.annotation.ProfileValueUtils - Retrieved @ProfileValueSourceConfiguration [null] for test class [com.junseong.book.springboot.web.ProfileControllerTest]
03:40:08.168 [Test worker] DEBUG org.springframework.test.annotation.ProfileValueUtils - Retrieved ProfileValueSource type [class org.springframework.test.annotation.SystemProfileValueSource] for class [com.junseong.book.springboot.web.ProfileControllerTest]
03:40:08.168 [Test worker] DEBUG org.springframework.test.annotation.ProfileValueUtils - Retrieved @ProfileValueSourceConfiguration [null] for test class [com.junseong.book.springboot.web.ProfileControllerTest]
03:40:08.168 [Test worker] DEBUG org.springframework.test.annotation.ProfileValueUtils - Retrieved ProfileValueSource type [class org.springframework.test.annotation.SystemProfileValueSource] for class [com.junseong.book.springboot.web.ProfileControllerTest]
03:40:08.168 [Test worker] DEBUG org.springframework.test.annotation.ProfileValueUtils - Retrieved @ProfileValueSourceConfiguration [null] for test class [com.junseong.book.springboot.web.ProfileControllerTest]
03:40:08.168 [Test worker] DEBUG org.springframework.test.annotation.ProfileValueUtils - Retrieved ProfileValueSource type [class org.springframework.test.annotation.SystemProfileValueSource] for class [com.junseong.book.springboot.web.ProfileControllerTest]
03:40:08.184 [Test worker] DEBUG org.springframework.test.context.support.AbstractDirtiesContextTestExecutionListener - Before test class: context [DefaultTestContext@41ea2f55 testClass = ProfileControllerTest, testInstance = [null], testMethod = [null], testException = [null], mergedContextConfiguration = [WebMergedContextConfiguration@1dffe7e0 testClass = ProfileControllerTest, locations = '{}', classes = '{class com.junseong.book.springboot.Application}', contextInitializerClasses = '[]', activeProfiles = '{}', propertySourceLocations = '{}', propertySourceProperties = '{org.springframework.boot.test.context.SpringBootTestContextBootstrapper=true, server.port=0}', contextCustomizers = set[org.springframework.boot.test.autoconfigure.properties.PropertyMappingContextCustomizer@0, org.springframework.boot.test.autoconfigure.web.servlet.WebDriverContextCustomizerFactory$Customizer@1578f8a4, org.springframework.boot.test.context.filter.ExcludeFilterContextCustomizer@6d1ed7eb, org.springframework.boot.test.json.DuplicateJsonObjectContextCustomizerFactory$DuplicateJsonObjectContextCustomizer@15cc3ec1, org.springframework.boot.test.mock.mockito.MockitoContextCustomizer@0, org.springframework.boot.test.web.client.TestRestTemplateContextCustomizer@77f94bee], resourceBasePath = 'src/main/webapp', contextLoader = 'org.springframework.boot.test.context.SpringBootContextLoader', parent = [null]], attributes = map['org.springframework.test.context.web.ServletTestExecutionListener.activateListener' -> false]], class annotated with @DirtiesContext [false] with mode [null].
03:40:08.184 [Test worker] DEBUG org.springframework.test.annotation.ProfileValueUtils - Retrieved @ProfileValueSourceConfiguration [null] for test class [com.junseong.book.springboot.web.ProfileControllerTest]
03:40:08.184 [Test worker] DEBUG org.springframework.test.annotation.ProfileValueUtils - Retrieved ProfileValueSource type [class org.springframework.test.annotation.SystemProfileValueSource] for class [com.junseong.book.springboot.web.ProfileControllerTest]
03:40:08.184 [Test worker] DEBUG org.springframework.test.context.support.DependencyInjectionTestExecutionListener - Performing dependency injection for test context [[DefaultTestContext@41ea2f55 testClass = ProfileControllerTest, testInstance = com.junseong.book.springboot.web.ProfileControllerTest@347708eb, testMethod = [null], testException = [null], mergedContextConfiguration = [WebMergedContextConfiguration@1dffe7e0 testClass = ProfileControllerTest, locations = '{}', classes = '{class com.junseong.book.springboot.Application}', contextInitializerClasses = '[]', activeProfiles = '{}', propertySourceLocations = '{}', propertySourceProperties = '{org.springframework.boot.test.context.SpringBootTestContextBootstrapper=true, server.port=0}', contextCustomizers = set[org.springframework.boot.test.autoconfigure.properties.PropertyMappingContextCustomizer@0, org.springframework.boot.test.autoconfigure.web.servlet.WebDriverContextCustomizerFactory$Customizer@1578f8a4, org.springframework.boot.test.context.filter.ExcludeFilterContextCustomizer@6d1ed7eb, org.springframework.boot.test.json.DuplicateJsonObjectContextCustomizerFactory$DuplicateJsonObjectContextCustomizer@15cc3ec1, org.springframework.boot.test.mock.mockito.MockitoContextCustomizer@0, org.springframework.boot.test.web.client.TestRestTemplateContextCustomizer@77f94bee], resourceBasePath = 'src/main/webapp', contextLoader = 'org.springframework.boot.test.context.SpringBootContextLoader', parent = [null]], attributes = map['org.springframework.test.context.web.ServletTestExecutionListener.activateListener' -> false]]].
03:40:08.217 [Test worker] DEBUG org.springframework.test.context.support.TestPropertySourceUtils - Adding inlined properties to environment: {spring.jmx.enabled=false, org.springframework.boot.test.context.SpringBootTestContextBootstrapper=true, server.port=0}

  .   ____          _            __ _ _
 /\\ / ___'_ __ _ _(_)_ __  __ _ \ \ \ \
( ( )\___ | '_ | '_| | '_ \/ _` | \ \ \ \
 \\/  ___)| |_)| | | | | || (_| |  ) ) ) )
  '  |____| .__|_| |_|_| |_\__, | / / / /
 =========|_|==============|___/=/_/_/_/
 :: Spring Boot ::        (v2.1.9.RELEASE)

2021-03-06 03:40:08.511  INFO 12392 --- [    Test worker] c.j.b.s.web.ProfileControllerTest        : Starting ProfileControllerTest on DESKTOP-34D3ITU with PID 12392 (started by junseong in C:\Users\pjs39\Desktop\study\webservice)
2021-03-06 03:40:08.512  INFO 12392 --- [    Test worker] c.j.b.s.web.ProfileControllerTest        : No active profile set, falling back to default profiles: default
2021-03-06 03:40:09.566  INFO 12392 --- [    Test worker] .s.d.r.c.RepositoryConfigurationDelegate : Bootstrapping Spring Data repositories in DEFAULT mode.
2021-03-06 03:40:09.684  INFO 12392 --- [    Test worker] .s.d.r.c.RepositoryConfigurationDelegate : Finished Spring Data repository scanning in 106ms. Found 2 repository interfaces.
2021-03-06 03:40:10.257  INFO 12392 --- [    Test worker] trationDelegate$BeanPostProcessorChecker : Bean 'org.springframework.transaction.annotation.ProxyTransactionManagementConfiguration' of type [org.springframework.transaction.annotation.ProxyTransactionManagementConfiguration$$EnhancerBySpringCGLIB$$f93e80e4] is not eligible for getting processed by all BeanPostProcessors (for example: not eligible for auto-proxying)
2021-03-06 03:40:10.679  INFO 12392 --- [    Test worker] o.s.b.w.embedded.tomcat.TomcatWebServer  : Tomcat initialized with port(s): 0 (http)
2021-03-06 03:40:10.712  INFO 12392 --- [    Test worker] o.apache.catalina.core.StandardService   : Starting service [Tomcat]
2021-03-06 03:40:10.712  INFO 12392 --- [    Test worker] org.apache.catalina.core.StandardEngine  : Starting Servlet engine: [Apache Tomcat/9.0.26]
2021-03-06 03:40:10.888  INFO 12392 --- [    Test worker] o.a.c.c.C.[Tomcat].[localhost].[/]       : Initializing Spring embedded WebApplicationContext
2021-03-06 03:40:10.888  INFO 12392 --- [    Test worker] o.s.web.context.ContextLoader            : Root WebApplicationContext: initialization completed in 2357 ms
2021-03-06 03:40:11.223  INFO 12392 --- [    Test worker] com.zaxxer.hikari.HikariDataSource       : HikariPool-1 - Starting...
2021-03-06 03:40:11.443  INFO 12392 --- [    Test worker] com.zaxxer.hikari.HikariDataSource       : HikariPool-1 - Start completed.
2021-03-06 03:40:11.565  INFO 12392 --- [    Test worker] o.hibernate.jpa.internal.util.LogHelper  : HHH000204: Processing PersistenceUnitInfo [
	name: default
	...]
2021-03-06 03:40:11.661  INFO 12392 --- [    Test worker] org.hibernate.Version                    : HHH000412: Hibernate Core {5.3.12.Final}
2021-03-06 03:40:11.661  INFO 12392 --- [    Test worker] org.hibernate.cfg.Environment            : HHH000206: hibernate.properties not found
2021-03-06 03:40:11.885  INFO 12392 --- [    Test worker] o.hibernate.annotations.common.Version   : HCANN000001: Hibernate Commons Annotations {5.0.4.Final}
2021-03-06 03:40:12.094  INFO 12392 --- [    Test worker] org.hibernate.dialect.Dialect            : HHH000400: Using dialect: org.hibernate.dialect.MySQL5InnoDBDialect
Hibernate: drop table if exists posts
Hibernate: drop table if exists user
Hibernate: create table posts (id bigint not null auto_increment, created_date datetime, modified_date datetime, author varchar(255), content TEXT not null, title varchar(500) not null, primary key (id)) engine=InnoDB
Hibernate: create table user (id bigint not null auto_increment, created_date datetime, modified_date datetime, email varchar(255) not null, name varchar(255) not null, picture varchar(255), role varchar(255) not null, primary key (id)) engine=InnoDB
2021-03-06 03:40:12.756  INFO 12392 --- [    Test worker] o.h.t.schema.internal.SchemaCreatorImpl  : HHH000476: Executing import script 'org.hibernate.tool.schema.internal.exec.ScriptSourceInputNonExistentImpl@2be6becd'
2021-03-06 03:40:12.772  INFO 12392 --- [    Test worker] j.LocalContainerEntityManagerFactoryBean : Initialized JPA EntityManagerFactory for persistence unit 'default'
2021-03-06 03:40:13.547  INFO 12392 --- [    Test worker] o.h.h.i.QueryTranslatorFactoryInitiator  : HHH000397: Using ASTQueryTranslatorFactory
2021-03-06 03:40:14.054  INFO 12392 --- [    Test worker] o.s.s.web.DefaultSecurityFilterChain     : Creating filter chain: any request, [org.springframework.security.web.context.request.async.WebAsyncManagerIntegrationFilter@4c53f005, org.springframework.security.web.context.SecurityContextPersistenceFilter@51507e5c, org.springframework.security.web.header.HeaderWriterFilter@1b8013ff, org.springframework.security.web.authentication.logout.LogoutFilter@26dd2dfb, org.springframework.security.oauth2.client.web.OAuth2AuthorizationRequestRedirectFilter@59ad3ee2, org.springframework.security.oauth2.client.web.OAuth2LoginAuthenticationFilter@3030c290, org.springframework.security.web.authentication.ui.DefaultLoginPageGeneratingFilter@4e87b412, org.springframework.security.web.authentication.ui.DefaultLogoutPageGeneratingFilter@7ab2cd44, org.springframework.security.web.savedrequest.RequestCacheAwareFilter@7deefb7b, org.springframework.security.web.servletapi.SecurityContextHolderAwareRequestFilter@63601a5d, org.springframework.security.web.authentication.AnonymousAuthenticationFilter@4ebdf6b0, org.springframework.security.web.session.SessionManagementFilter@fd2a26e, org.springframework.security.web.access.ExceptionTranslationFilter@6f2c7870, org.springframework.security.web.access.intercept.FilterSecurityInterceptor@43212177]
2021-03-06 03:40:14.481  INFO 12392 --- [    Test worker] o.s.s.concurrent.ThreadPoolTaskExecutor  : Initializing ExecutorService 'applicationTaskExecutor'
2021-03-06 03:40:14.544  WARN 12392 --- [    Test worker] aWebConfiguration$JpaWebMvcConfiguration : spring.jpa.open-in-view is enabled by default. Therefore, database queries may be performed during view rendering. Explicitly configure spring.jpa.open-in-view to disable this warning
2021-03-06 03:40:14.602  INFO 12392 --- [    Test worker] o.s.b.a.w.s.WelcomePageHandlerMapping    : Adding welcome page template: index
2021-03-06 03:40:14.992  INFO 12392 --- [    Test worker] s.a.ScheduledAnnotationBeanPostProcessor : No TaskScheduler/ScheduledExecutorService bean found for scheduled processing
2021-03-06 03:40:15.025  INFO 12392 --- [    Test worker] o.s.b.w.embedded.tomcat.TomcatWebServer  : Tomcat started on port(s): 5474 (http) with context path ''
2021-03-06 03:40:15.025  INFO 12392 --- [    Test worker] c.j.b.s.web.ProfileControllerTest        : Started ProfileControllerTest in 6.808 seconds (JVM running for 7.895)
2021-03-06 03:40:15.251  INFO 12392 --- [o-auto-1-exec-1] o.a.c.c.C.[Tomcat].[localhost].[/]       : Initializing Spring DispatcherServlet 'dispatcherServlet'
2021-03-06 03:40:15.251  INFO 12392 --- [o-auto-1-exec-1] o.s.web.servlet.DispatcherServlet        : Initializing Servlet 'dispatcherServlet'
2021-03-06 03:40:15.283  INFO 12392 --- [o-auto-1-exec-1] o.s.web.servlet.DispatcherServlet        : Completed initialization in 32 ms
]]></system-out>
  <system-err><![CDATA[]]></system-err>
</testsuite>
