<?xml version="1.0" encoding="UTF-8"?>
<testsuite name="com.junseong.book.springboot.domain.posts.PostsRepositoryTest" tests="2" skipped="0" failures="0" errors="0" timestamp="2021-03-04T11:48:37" hostname="DESKTOP-34D3ITU" time="0.144">
  <properties/>
  <testcase name="게시글저장_불러오기" classname="com.junseong.book.springboot.domain.posts.PostsRepositoryTest" time="0.131"/>
  <testcase name="BaseTimeEntity_등록" classname="com.junseong.book.springboot.domain.posts.PostsRepositoryTest" time="0.012"/>
  <system-out><![CDATA[2021-03-04 20:48:35.438  INFO 19752 --- [    Test worker] .b.t.c.SpringBootTestContextBootstrapper : Neither @ContextConfiguration nor @ContextHierarchy found for test class [com.junseong.book.springboot.domain.posts.PostsRepositoryTest], using SpringBootContextLoader
2021-03-04 20:48:35.439  INFO 19752 --- [    Test worker] o.s.t.c.support.AbstractContextLoader    : Could not detect default resource locations for test class [com.junseong.book.springboot.domain.posts.PostsRepositoryTest]: no resource found for suffixes {-context.xml, Context.groovy}.
2021-03-04 20:48:35.440  INFO 19752 --- [    Test worker] t.c.s.AnnotationConfigContextLoaderUtils : Could not detect default configuration classes for test class [com.junseong.book.springboot.domain.posts.PostsRepositoryTest]: PostsRepositoryTest does not declare any static, non-private, non-final, nested classes annotated with @Configuration.
2021-03-04 20:48:35.450  INFO 19752 --- [    Test worker] .b.t.c.SpringBootTestContextBootstrapper : Found @SpringBootConfiguration com.junseong.book.springboot.Application for test class com.junseong.book.springboot.domain.posts.PostsRepositoryTest
2021-03-04 20:48:35.452  INFO 19752 --- [    Test worker] .b.t.c.SpringBootTestContextBootstrapper : Loaded default TestExecutionListener class names from location [META-INF/spring.factories]: [org.springframework.security.test.context.support.WithSecurityContextTestExecutionListener, org.springframework.security.test.context.support.ReactorContextTestExecutionListener, org.springframework.boot.test.autoconfigure.restdocs.RestDocsTestExecutionListener, org.springframework.boot.test.autoconfigure.web.client.MockRestServiceServerResetTestExecutionListener, org.springframework.boot.test.autoconfigure.web.servlet.MockMvcPrintOnlyOnFailureTestExecutionListener, org.springframework.boot.test.autoconfigure.web.servlet.WebDriverTestExecutionListener, org.springframework.boot.test.mock.mockito.MockitoTestExecutionListener, org.springframework.boot.test.mock.mockito.ResetMocksTestExecutionListener, org.springframework.test.context.web.ServletTestExecutionListener, org.springframework.test.context.support.DirtiesContextBeforeModesTestExecutionListener, org.springframework.test.context.support.DependencyInjectionTestExecutionListener, org.springframework.test.context.support.DirtiesContextTestExecutionListener, org.springframework.test.context.transaction.TransactionalTestExecutionListener, org.springframework.test.context.jdbc.SqlScriptsTestExecutionListener]
2021-03-04 20:48:35.452  INFO 19752 --- [    Test worker] .b.t.c.SpringBootTestContextBootstrapper : Using TestExecutionListeners: [org.springframework.test.context.web.ServletTestExecutionListener@3096a10d, org.springframework.test.context.support.DirtiesContextBeforeModesTestExecutionListener@428b963, org.springframework.boot.test.mock.mockito.MockitoTestExecutionListener@25fa17d6, org.springframework.boot.test.autoconfigure.SpringBootDependencyInjectionTestExecutionListener@fd9efaf, org.springframework.test.context.support.DirtiesContextTestExecutionListener@a42a990, org.springframework.test.context.transaction.TransactionalTestExecutionListener@4b60fa1a, org.springframework.test.context.jdbc.SqlScriptsTestExecutionListener@3ed11007, org.springframework.security.test.context.support.WithSecurityContextTestExecutionListener@7e3534e5, org.springframework.security.test.context.support.ReactorContextTestExecutionListener@61a40c9a, org.springframework.boot.test.autoconfigure.restdocs.RestDocsTestExecutionListener@2d589a9e, org.springframework.boot.test.autoconfigure.web.client.MockRestServiceServerResetTestExecutionListener@1b3fe61a, org.springframework.boot.test.autoconfigure.web.servlet.MockMvcPrintOnlyOnFailureTestExecutionListener@4cfa6b84, org.springframework.boot.test.autoconfigure.web.servlet.WebDriverTestExecutionListener@d7b7e5d, org.springframework.boot.test.mock.mockito.ResetMocksTestExecutionListener@641e9906]

  .   ____          _            __ _ _
 /\\ / ___'_ __ _ _(_)_ __  __ _ \ \ \ \
( ( )\___ | '_ | '_| | '_ \/ _` | \ \ \ \
 \\/  ___)| |_)| | | | | || (_| |  ) ) ) )
  '  |____| .__|_| |_|_| |_\__, | / / / /
 =========|_|==============|___/=/_/_/_/
 :: Spring Boot ::        (v2.1.9.RELEASE)

2021-03-04 20:48:35.486  INFO 19752 --- [    Test worker] c.j.b.s.d.posts.PostsRepositoryTest      : Starting PostsRepositoryTest on DESKTOP-34D3ITU with PID 19752 (started by junseong in C:\Users\pjs39\Desktop\study\webservice)
2021-03-04 20:48:35.487  INFO 19752 --- [    Test worker] c.j.b.s.d.posts.PostsRepositoryTest      : No active profile set, falling back to default profiles: default
2021-03-04 20:48:35.796  INFO 19752 --- [    Test worker] .s.d.r.c.RepositoryConfigurationDelegate : Bootstrapping Spring Data repositories in DEFAULT mode.
2021-03-04 20:48:35.826  INFO 19752 --- [    Test worker] .s.d.r.c.RepositoryConfigurationDelegate : Finished Spring Data repository scanning in 29ms. Found 2 repository interfaces.
2021-03-04 20:48:35.934  INFO 19752 --- [    Test worker] trationDelegate$BeanPostProcessorChecker : Bean 'org.springframework.transaction.annotation.ProxyTransactionManagementConfiguration' of type [org.springframework.transaction.annotation.ProxyTransactionManagementConfiguration$$EnhancerBySpringCGLIB$$d74e900e] is not eligible for getting processed by all BeanPostProcessors (for example: not eligible for auto-proxying)
2021-03-04 20:48:36.030  INFO 19752 --- [    Test worker] com.zaxxer.hikari.HikariDataSource       : HikariPool-2 - Starting...
2021-03-04 20:48:36.032  INFO 19752 --- [    Test worker] com.zaxxer.hikari.HikariDataSource       : HikariPool-2 - Start completed.
2021-03-04 20:48:36.057  INFO 19752 --- [    Test worker] o.hibernate.jpa.internal.util.LogHelper  : HHH000204: Processing PersistenceUnitInfo [
	name: default
	...]
2021-03-04 20:48:36.072  INFO 19752 --- [    Test worker] org.hibernate.dialect.Dialect            : HHH000400: Using dialect: org.hibernate.dialect.MySQL5InnoDBDialect
Hibernate: drop table if exists posts
Hibernate: drop table if exists user
Hibernate: create table posts (id bigint not null auto_increment, created_date datetime, modified_date datetime, author varchar(255), content TEXT not null, title varchar(500) not null, primary key (id)) engine=InnoDB
Hibernate: create table user (id bigint not null auto_increment, created_date datetime, modified_date datetime, email varchar(255) not null, name varchar(255) not null, picture varchar(255), role varchar(255) not null, primary key (id)) engine=InnoDB
2021-03-04 20:48:36.130  INFO 19752 --- [    Test worker] o.h.t.schema.internal.SchemaCreatorImpl  : HHH000476: Executing import script 'org.hibernate.tool.schema.internal.exec.ScriptSourceInputNonExistentImpl@7246d949'
2021-03-04 20:48:36.131  INFO 19752 --- [    Test worker] j.LocalContainerEntityManagerFactoryBean : Initialized JPA EntityManagerFactory for persistence unit 'default'
2021-03-04 20:48:36.321  INFO 19752 --- [    Test worker] o.h.h.i.QueryTranslatorFactoryInitiator  : HHH000397: Using ASTQueryTranslatorFactory
2021-03-04 20:48:36.464  INFO 19752 --- [    Test worker] o.s.s.web.DefaultSecurityFilterChain     : Creating filter chain: any request, [org.springframework.security.web.context.request.async.WebAsyncManagerIntegrationFilter@5b06811c, org.springframework.security.web.context.SecurityContextPersistenceFilter@6684e49f, org.springframework.security.web.header.HeaderWriterFilter@6089a6d4, org.springframework.security.web.authentication.logout.LogoutFilter@381a98fc, org.springframework.security.oauth2.client.web.OAuth2AuthorizationRequestRedirectFilter@3f995efc, org.springframework.security.oauth2.client.web.OAuth2LoginAuthenticationFilter@411f3b0b, org.springframework.security.web.authentication.ui.DefaultLoginPageGeneratingFilter@79fb2b40, org.springframework.security.web.authentication.ui.DefaultLogoutPageGeneratingFilter@49fe25c9, org.springframework.security.web.savedrequest.RequestCacheAwareFilter@75039aec, org.springframework.security.web.servletapi.SecurityContextHolderAwareRequestFilter@58112d9e, org.springframework.security.web.authentication.AnonymousAuthenticationFilter@3ce5fcb4, org.springframework.security.web.session.SessionManagementFilter@597f068a, org.springframework.security.web.access.ExceptionTranslationFilter@25e6ce45, org.springframework.security.web.access.intercept.FilterSecurityInterceptor@3cc5c5f0]
2021-03-04 20:48:36.752  INFO 19752 --- [    Test worker] o.s.s.concurrent.ThreadPoolTaskExecutor  : Initializing ExecutorService 'applicationTaskExecutor'
2021-03-04 20:48:36.769  WARN 19752 --- [    Test worker] aWebConfiguration$JpaWebMvcConfiguration : spring.jpa.open-in-view is enabled by default. Therefore, database queries may be performed during view rendering. Explicitly configure spring.jpa.open-in-view to disable this warning
2021-03-04 20:48:36.795  INFO 19752 --- [    Test worker] o.s.b.a.w.s.WelcomePageHandlerMapping    : Adding welcome page template: index
2021-03-04 20:48:37.140  INFO 19752 --- [    Test worker] s.a.ScheduledAnnotationBeanPostProcessor : No TaskScheduler/ScheduledExecutorService bean found for scheduled processing
2021-03-04 20:48:37.142  INFO 19752 --- [    Test worker] c.j.b.s.d.posts.PostsRepositoryTest      : Started PostsRepositoryTest in 1.685 seconds (JVM running for 9.637)
Hibernate: insert into posts (created_date, modified_date, author, content, title) values (?, ?, ?, ?, ?)
Hibernate: select posts0_.id as id1_0_, posts0_.created_date as created_2_0_, posts0_.modified_date as modified3_0_, posts0_.author as author4_0_, posts0_.content as content5_0_, posts0_.title as title6_0_ from posts posts0_
Hibernate: select posts0_.id as id1_0_, posts0_.created_date as created_2_0_, posts0_.modified_date as modified3_0_, posts0_.author as author4_0_, posts0_.content as content5_0_, posts0_.title as title6_0_ from posts posts0_
Hibernate: delete from posts where id=?
Hibernate: insert into posts (created_date, modified_date, author, content, title) values (?, ?, ?, ?, ?)
Hibernate: select posts0_.id as id1_0_, posts0_.created_date as created_2_0_, posts0_.modified_date as modified3_0_, posts0_.author as author4_0_, posts0_.content as content5_0_, posts0_.title as title6_0_ from posts posts0_
>>>>>>>> createDate=2021-03-04T20:48:37.287742, modifiedDate=2021-03-04T20:48:37.287742
Hibernate: select posts0_.id as id1_0_, posts0_.created_date as created_2_0_, posts0_.modified_date as modified3_0_, posts0_.author as author4_0_, posts0_.content as content5_0_, posts0_.title as title6_0_ from posts posts0_
Hibernate: delete from posts where id=?
]]></system-out>
  <system-err><![CDATA[]]></system-err>
</testsuite>
