<?xml version="1.0" encoding="UTF-8"?>
<testsuite name="com.junseong.book.springboot.web.HelloControllerTest" tests="2" skipped="0" failures="0" errors="0" timestamp="2021-03-05T13:00:44" hostname="DESKTOP-34D3ITU" time="0.147">
  <properties/>
  <testcase name="hello가_리턴된다" classname="com.junseong.book.springboot.web.HelloControllerTest" time="0.07"/>
  <testcase name="helloDto가_리턴된다" classname="com.junseong.book.springboot.web.HelloControllerTest" time="0.076"/>
  <system-out><![CDATA[2021-03-05 22:00:43.220  INFO 9584 --- [    Test worker] .b.t.a.w.s.WebMvcTestContextBootstrapper : Neither @ContextConfiguration nor @ContextHierarchy found for test class [com.junseong.book.springboot.web.HelloControllerTest], using SpringBootContextLoader
2021-03-05 22:00:43.220  INFO 9584 --- [    Test worker] o.s.t.c.support.AbstractContextLoader    : Could not detect default resource locations for test class [com.junseong.book.springboot.web.HelloControllerTest]: no resource found for suffixes {-context.xml, Context.groovy}.
2021-03-05 22:00:43.220  INFO 9584 --- [    Test worker] t.c.s.AnnotationConfigContextLoaderUtils : Could not detect default configuration classes for test class [com.junseong.book.springboot.web.HelloControllerTest]: HelloControllerTest does not declare any static, non-private, non-final, nested classes annotated with @Configuration.
2021-03-05 22:00:43.252  INFO 9584 --- [    Test worker] .b.t.c.SpringBootTestContextBootstrapper : Found @SpringBootConfiguration com.junseong.book.springboot.Application for test class com.junseong.book.springboot.web.HelloControllerTest
2021-03-05 22:00:43.252  INFO 9584 --- [    Test worker] .b.t.a.w.s.WebMvcTestContextBootstrapper : Loaded default TestExecutionListener class names from location [META-INF/spring.factories]: [org.springframework.security.test.context.support.WithSecurityContextTestExecutionListener, org.springframework.security.test.context.support.ReactorContextTestExecutionListener, org.springframework.boot.test.autoconfigure.restdocs.RestDocsTestExecutionListener, org.springframework.boot.test.autoconfigure.web.client.MockRestServiceServerResetTestExecutionListener, org.springframework.boot.test.autoconfigure.web.servlet.MockMvcPrintOnlyOnFailureTestExecutionListener, org.springframework.boot.test.autoconfigure.web.servlet.WebDriverTestExecutionListener, org.springframework.boot.test.mock.mockito.MockitoTestExecutionListener, org.springframework.boot.test.mock.mockito.ResetMocksTestExecutionListener, org.springframework.test.context.web.ServletTestExecutionListener, org.springframework.test.context.support.DirtiesContextBeforeModesTestExecutionListener, org.springframework.test.context.support.DependencyInjectionTestExecutionListener, org.springframework.test.context.support.DirtiesContextTestExecutionListener, org.springframework.test.context.transaction.TransactionalTestExecutionListener, org.springframework.test.context.jdbc.SqlScriptsTestExecutionListener]
2021-03-05 22:00:43.252  INFO 9584 --- [    Test worker] .b.t.a.w.s.WebMvcTestContextBootstrapper : Using TestExecutionListeners: [org.springframework.test.context.web.ServletTestExecutionListener@da39538, org.springframework.test.context.support.DirtiesContextBeforeModesTestExecutionListener@3f854567, org.springframework.boot.test.mock.mockito.MockitoTestExecutionListener@2b7834bf, org.springframework.boot.test.autoconfigure.SpringBootDependencyInjectionTestExecutionListener@44ec4851, org.springframework.test.context.support.DirtiesContextTestExecutionListener@55770fa1, org.springframework.test.context.transaction.TransactionalTestExecutionListener@404cd615, org.springframework.test.context.jdbc.SqlScriptsTestExecutionListener@2a7bdf6f, org.springframework.security.test.context.support.WithSecurityContextTestExecutionListener@c73b4b1, org.springframework.security.test.context.support.ReactorContextTestExecutionListener@6194a899, org.springframework.boot.test.autoconfigure.restdocs.RestDocsTestExecutionListener@47ce26c0, org.springframework.boot.test.autoconfigure.web.client.MockRestServiceServerResetTestExecutionListener@33ba19f1, org.springframework.boot.test.autoconfigure.web.servlet.MockMvcPrintOnlyOnFailureTestExecutionListener@227df50b, org.springframework.boot.test.autoconfigure.web.servlet.WebDriverTestExecutionListener@666941bd, org.springframework.boot.test.mock.mockito.ResetMocksTestExecutionListener@50278396]

  .   ____          _            __ _ _
 /\\ / ___'_ __ _ _(_)_ __  __ _ \ \ \ \
( ( )\___ | '_ | '_| | '_ \/ _` | \ \ \ \
 \\/  ___)| |_)| | | | | || (_| |  ) ) ) )
  '  |____| .__|_| |_|_| |_\__, | / / / /
 =========|_|==============|___/=/_/_/_/
 :: Spring Boot ::        (v2.1.9.RELEASE)

2021-03-05 22:00:43.303  INFO 9584 --- [    Test worker] c.j.b.s.web.HelloControllerTest          : Starting HelloControllerTest on DESKTOP-34D3ITU with PID 9584 (started by junseong in C:\Users\pjs39\Desktop\study\webservice)
2021-03-05 22:00:43.303  INFO 9584 --- [    Test worker] c.j.b.s.web.HelloControllerTest          : No active profile set, falling back to default profiles: default
2021-03-05 22:00:43.830  INFO 9584 --- [    Test worker] o.s.s.concurrent.ThreadPoolTaskExecutor  : Initializing ExecutorService 'applicationTaskExecutor'
2021-03-05 22:00:43.863  INFO 9584 --- [    Test worker] o.s.b.a.w.s.WelcomePageHandlerMapping    : Adding welcome page template: index
2021-03-05 22:00:44.042  INFO 9584 --- [    Test worker] .s.s.UserDetailsServiceAutoConfiguration : 

Using generated security password: 05e81b85-bf71-4371-84a8-940d6e08e169

2021-03-05 22:00:44.138  INFO 9584 --- [    Test worker] o.s.s.web.DefaultSecurityFilterChain     : Creating filter chain: any request, [org.springframework.security.web.context.request.async.WebAsyncManagerIntegrationFilter@4621ecfb, org.springframework.security.web.context.SecurityContextPersistenceFilter@ab77742, org.springframework.security.web.header.HeaderWriterFilter@767af2a4, org.springframework.security.web.csrf.CsrfFilter@69e650dc, org.springframework.security.web.authentication.logout.LogoutFilter@20365e8e, org.springframework.security.web.authentication.UsernamePasswordAuthenticationFilter@25e01058, org.springframework.security.web.authentication.ui.DefaultLoginPageGeneratingFilter@35f8376a, org.springframework.security.web.authentication.ui.DefaultLogoutPageGeneratingFilter@70706885, org.springframework.security.web.authentication.www.BasicAuthenticationFilter@5ea703a2, org.springframework.security.web.savedrequest.RequestCacheAwareFilter@30b3ab26, org.springframework.security.web.servletapi.SecurityContextHolderAwareRequestFilter@11fd8046, org.springframework.security.web.authentication.AnonymousAuthenticationFilter@162cdf3a, org.springframework.security.web.session.SessionManagementFilter@2dc12c07, org.springframework.security.web.access.ExceptionTranslationFilter@3de0fbc1, org.springframework.security.web.access.intercept.FilterSecurityInterceptor@7b60c315]
2021-03-05 22:00:44.184  INFO 9584 --- [    Test worker] o.s.b.t.m.w.SpringBootMockServletContext : Initializing Spring TestDispatcherServlet ''
2021-03-05 22:00:44.184  INFO 9584 --- [    Test worker] o.s.t.web.servlet.TestDispatcherServlet  : Initializing Servlet ''
2021-03-05 22:00:44.184  INFO 9584 --- [    Test worker] o.s.t.web.servlet.TestDispatcherServlet  : Completed initialization in 0 ms
2021-03-05 22:00:44.216  INFO 9584 --- [    Test worker] c.j.b.s.web.HelloControllerTest          : Started HelloControllerTest in 0.964 seconds (JVM running for 9.499)
]]></system-out>
  <system-err><![CDATA[]]></system-err>
</testsuite>
