<?xml version="1.0" encoding="UTF-8"?>
<testsuite name="com.junseong.book.springboot.web.HelloControllerTest" tests="2" skipped="0" failures="0" errors="0" timestamp="2021-03-04T11:48:38" hostname="DESKTOP-34D3ITU" time="0.107">
  <properties/>
  <testcase name="hello가_리턴된다" classname="com.junseong.book.springboot.web.HelloControllerTest" time="0.035"/>
  <testcase name="helloDto가_리턴된다" classname="com.junseong.book.springboot.web.HelloControllerTest" time="0.071"/>
  <system-out><![CDATA[2021-03-04 20:48:37.314  INFO 19752 --- [    Test worker] .b.t.a.w.s.WebMvcTestContextBootstrapper : Neither @ContextConfiguration nor @ContextHierarchy found for test class [com.junseong.book.springboot.web.HelloControllerTest], using SpringBootContextLoader
2021-03-04 20:48:37.316  INFO 19752 --- [    Test worker] o.s.t.c.support.AbstractContextLoader    : Could not detect default resource locations for test class [com.junseong.book.springboot.web.HelloControllerTest]: no resource found for suffixes {-context.xml, Context.groovy}.
2021-03-04 20:48:37.316  INFO 19752 --- [    Test worker] t.c.s.AnnotationConfigContextLoaderUtils : Could not detect default configuration classes for test class [com.junseong.book.springboot.web.HelloControllerTest]: HelloControllerTest does not declare any static, non-private, non-final, nested classes annotated with @Configuration.
2021-03-04 20:48:37.333  INFO 19752 --- [    Test worker] .b.t.c.SpringBootTestContextBootstrapper : Found @SpringBootConfiguration com.junseong.book.springboot.Application for test class com.junseong.book.springboot.web.HelloControllerTest
2021-03-04 20:48:37.334  INFO 19752 --- [    Test worker] .b.t.a.w.s.WebMvcTestContextBootstrapper : Loaded default TestExecutionListener class names from location [META-INF/spring.factories]: [org.springframework.security.test.context.support.WithSecurityContextTestExecutionListener, org.springframework.security.test.context.support.ReactorContextTestExecutionListener, org.springframework.boot.test.autoconfigure.restdocs.RestDocsTestExecutionListener, org.springframework.boot.test.autoconfigure.web.client.MockRestServiceServerResetTestExecutionListener, org.springframework.boot.test.autoconfigure.web.servlet.MockMvcPrintOnlyOnFailureTestExecutionListener, org.springframework.boot.test.autoconfigure.web.servlet.WebDriverTestExecutionListener, org.springframework.boot.test.mock.mockito.MockitoTestExecutionListener, org.springframework.boot.test.mock.mockito.ResetMocksTestExecutionListener, org.springframework.test.context.web.ServletTestExecutionListener, org.springframework.test.context.support.DirtiesContextBeforeModesTestExecutionListener, org.springframework.test.context.support.DependencyInjectionTestExecutionListener, org.springframework.test.context.support.DirtiesContextTestExecutionListener, org.springframework.test.context.transaction.TransactionalTestExecutionListener, org.springframework.test.context.jdbc.SqlScriptsTestExecutionListener]
2021-03-04 20:48:37.335  INFO 19752 --- [    Test worker] .b.t.a.w.s.WebMvcTestContextBootstrapper : Using TestExecutionListeners: [org.springframework.test.context.web.ServletTestExecutionListener@5df34ea8, org.springframework.test.context.support.DirtiesContextBeforeModesTestExecutionListener@437d5f03, org.springframework.boot.test.mock.mockito.MockitoTestExecutionListener@4b0ab802, org.springframework.boot.test.autoconfigure.SpringBootDependencyInjectionTestExecutionListener@1d7ef8f4, org.springframework.test.context.support.DirtiesContextTestExecutionListener@5a3f73fd, org.springframework.test.context.transaction.TransactionalTestExecutionListener@7313aafe, org.springframework.test.context.jdbc.SqlScriptsTestExecutionListener@6d47c636, org.springframework.security.test.context.support.WithSecurityContextTestExecutionListener@7143a32, org.springframework.security.test.context.support.ReactorContextTestExecutionListener@269501b6, org.springframework.boot.test.autoconfigure.restdocs.RestDocsTestExecutionListener@483f1bc0, org.springframework.boot.test.autoconfigure.web.client.MockRestServiceServerResetTestExecutionListener@1b9a0287, org.springframework.boot.test.autoconfigure.web.servlet.MockMvcPrintOnlyOnFailureTestExecutionListener@3df96e6c, org.springframework.boot.test.autoconfigure.web.servlet.WebDriverTestExecutionListener@33ef50d4, org.springframework.boot.test.mock.mockito.ResetMocksTestExecutionListener@33eac72]

  .   ____          _            __ _ _
 /\\ / ___'_ __ _ _(_)_ __  __ _ \ \ \ \
( ( )\___ | '_ | '_| | '_ \/ _` | \ \ \ \
 \\/  ___)| |_)| | | | | || (_| |  ) ) ) )
  '  |____| .__|_| |_|_| |_\__, | / / / /
 =========|_|==============|___/=/_/_/_/
 :: Spring Boot ::        (v2.1.9.RELEASE)

2021-03-04 20:48:37.370  INFO 19752 --- [    Test worker] c.j.b.s.web.HelloControllerTest          : Starting HelloControllerTest on DESKTOP-34D3ITU with PID 19752 (started by junseong in C:\Users\pjs39\Desktop\study\webservice)
2021-03-04 20:48:37.371  INFO 19752 --- [    Test worker] c.j.b.s.web.HelloControllerTest          : No active profile set, falling back to default profiles: default
2021-03-04 20:48:37.837  INFO 19752 --- [    Test worker] o.s.s.concurrent.ThreadPoolTaskExecutor  : Initializing ExecutorService 'applicationTaskExecutor'
2021-03-04 20:48:37.863  INFO 19752 --- [    Test worker] o.s.b.a.w.s.WelcomePageHandlerMapping    : Adding welcome page template: index
2021-03-04 20:48:38.042  INFO 19752 --- [    Test worker] .s.s.UserDetailsServiceAutoConfiguration : 

Using generated security password: 587d6bfa-bca3-49a9-ba09-1dea42dfa163

2021-03-04 20:48:38.138  INFO 19752 --- [    Test worker] o.s.s.web.DefaultSecurityFilterChain     : Creating filter chain: any request, [org.springframework.security.web.context.request.async.WebAsyncManagerIntegrationFilter@394136ea, org.springframework.security.web.context.SecurityContextPersistenceFilter@77a4dd5a, org.springframework.security.web.header.HeaderWriterFilter@2bde09b1, org.springframework.security.web.csrf.CsrfFilter@4f12c28f, org.springframework.security.web.authentication.logout.LogoutFilter@2df5f975, org.springframework.security.web.authentication.UsernamePasswordAuthenticationFilter@557bad25, org.springframework.security.web.authentication.ui.DefaultLoginPageGeneratingFilter@6e4ced6c, org.springframework.security.web.authentication.ui.DefaultLogoutPageGeneratingFilter@5ba23036, org.springframework.security.web.authentication.www.BasicAuthenticationFilter@5fa94fed, org.springframework.security.web.savedrequest.RequestCacheAwareFilter@4afdaa82, org.springframework.security.web.servletapi.SecurityContextHolderAwareRequestFilter@1135a1ed, org.springframework.security.web.authentication.AnonymousAuthenticationFilter@4ee1da88, org.springframework.security.web.session.SessionManagementFilter@7201a0ff, org.springframework.security.web.access.ExceptionTranslationFilter@554d0521, org.springframework.security.web.access.intercept.FilterSecurityInterceptor@6abfdb9]
2021-03-04 20:48:38.154  INFO 19752 --- [    Test worker] o.s.b.t.m.w.SpringBootMockServletContext : Initializing Spring TestDispatcherServlet ''
2021-03-04 20:48:38.154  INFO 19752 --- [    Test worker] o.s.t.web.servlet.TestDispatcherServlet  : Initializing Servlet ''
2021-03-04 20:48:38.160  INFO 19752 --- [    Test worker] o.s.t.web.servlet.TestDispatcherServlet  : Completed initialization in 6 ms
2021-03-04 20:48:38.184  INFO 19752 --- [    Test worker] c.j.b.s.web.HelloControllerTest          : Started HelloControllerTest in 0.846 seconds (JVM running for 10.679)
]]></system-out>
  <system-err><![CDATA[]]></system-err>
</testsuite>
