<?xml version="1.0" encoding="UTF-8"?>
<testsuite name="com.junseong.book.springboot.domain.posts.PostsRepositoryTest" tests="2" skipped="0" failures="0" errors="0" timestamp="2021-03-05T13:00:42" hostname="DESKTOP-34D3ITU" time="0.346">
  <properties/>
  <testcase name="게시글저장_불러오기" classname="com.junseong.book.springboot.domain.posts.PostsRepositoryTest" time="0.331"/>
  <testcase name="BaseTimeEntity_등록" classname="com.junseong.book.springboot.domain.posts.PostsRepositoryTest" time="0.014"/>
  <system-out><![CDATA[22:00:35.495 [Test worker] DEBUG org.springframework.test.context.junit4.SpringJUnit4ClassRunner - SpringJUnit4ClassRunner constructor called with [class com.junseong.book.springboot.domain.posts.PostsRepositoryTest]
22:00:35.495 [Test worker] DEBUG org.springframework.test.context.BootstrapUtils - Instantiating CacheAwareContextLoaderDelegate from class [org.springframework.test.context.cache.DefaultCacheAwareContextLoaderDelegate]
22:00:35.518 [Test worker] DEBUG org.springframework.test.context.BootstrapUtils - Instantiating BootstrapContext using constructor [public org.springframework.test.context.support.DefaultBootstrapContext(java.lang.Class,org.springframework.test.context.CacheAwareContextLoaderDelegate)]
22:00:35.542 [Test worker] DEBUG org.springframework.test.context.BootstrapUtils - Instantiating TestContextBootstrapper for test class [com.junseong.book.springboot.domain.posts.PostsRepositoryTest] from class [org.springframework.boot.test.context.SpringBootTestContextBootstrapper]
22:00:35.554 [Test worker] INFO org.springframework.boot.test.context.SpringBootTestContextBootstrapper - Neither @ContextConfiguration nor @ContextHierarchy found for test class [com.junseong.book.springboot.domain.posts.PostsRepositoryTest], using SpringBootContextLoader
22:00:35.560 [Test worker] DEBUG org.springframework.test.context.support.AbstractContextLoader - Did not detect default resource location for test class [com.junseong.book.springboot.domain.posts.PostsRepositoryTest]: class path resource [com/junseong/book/springboot/domain/posts/PostsRepositoryTest-context.xml] does not exist
22:00:35.561 [Test worker] DEBUG org.springframework.test.context.support.AbstractContextLoader - Did not detect default resource location for test class [com.junseong.book.springboot.domain.posts.PostsRepositoryTest]: class path resource [com/junseong/book/springboot/domain/posts/PostsRepositoryTestContext.groovy] does not exist
22:00:35.562 [Test worker] INFO org.springframework.test.context.support.AbstractContextLoader - Could not detect default resource locations for test class [com.junseong.book.springboot.domain.posts.PostsRepositoryTest]: no resource found for suffixes {-context.xml, Context.groovy}.
22:00:35.563 [Test worker] INFO org.springframework.test.context.support.AnnotationConfigContextLoaderUtils - Could not detect default configuration classes for test class [com.junseong.book.springboot.domain.posts.PostsRepositoryTest]: PostsRepositoryTest does not declare any static, non-private, non-final, nested classes annotated with @Configuration.
22:00:35.599 [Test worker] DEBUG org.springframework.test.context.support.ActiveProfilesUtils - Could not find an 'annotation declaring class' for annotation type [org.springframework.test.context.ActiveProfiles] and class [com.junseong.book.springboot.domain.posts.PostsRepositoryTest]
22:00:35.681 [Test worker] DEBUG org.springframework.context.annotation.ClassPathScanningCandidateComponentProvider - Identified candidate component class: file [C:\Users\pjs39\Desktop\study\webservice\build\classes\java\main\com\junseong\book\springboot\Application.class]
22:00:35.681 [Test worker] INFO org.springframework.boot.test.context.SpringBootTestContextBootstrapper - Found @SpringBootConfiguration com.junseong.book.springboot.Application for test class com.junseong.book.springboot.domain.posts.PostsRepositoryTest
22:00:35.813 [Test worker] DEBUG org.springframework.boot.test.context.SpringBootTestContextBootstrapper - @TestExecutionListeners is not present for class [com.junseong.book.springboot.domain.posts.PostsRepositoryTest]: using defaults.
22:00:35.813 [Test worker] INFO org.springframework.boot.test.context.SpringBootTestContextBootstrapper - Loaded default TestExecutionListener class names from location [META-INF/spring.factories]: [org.springframework.security.test.context.support.WithSecurityContextTestExecutionListener, org.springframework.security.test.context.support.ReactorContextTestExecutionListener, org.springframework.boot.test.autoconfigure.restdocs.RestDocsTestExecutionListener, org.springframework.boot.test.autoconfigure.web.client.MockRestServiceServerResetTestExecutionListener, org.springframework.boot.test.autoconfigure.web.servlet.MockMvcPrintOnlyOnFailureTestExecutionListener, org.springframework.boot.test.autoconfigure.web.servlet.WebDriverTestExecutionListener, org.springframework.boot.test.mock.mockito.MockitoTestExecutionListener, org.springframework.boot.test.mock.mockito.ResetMocksTestExecutionListener, org.springframework.test.context.web.ServletTestExecutionListener, org.springframework.test.context.support.DirtiesContextBeforeModesTestExecutionListener, org.springframework.test.context.support.DependencyInjectionTestExecutionListener, org.springframework.test.context.support.DirtiesContextTestExecutionListener, org.springframework.test.context.transaction.TransactionalTestExecutionListener, org.springframework.test.context.jdbc.SqlScriptsTestExecutionListener]
22:00:35.847 [Test worker] INFO org.springframework.boot.test.context.SpringBootTestContextBootstrapper - Using TestExecutionListeners: [org.springframework.test.context.web.ServletTestExecutionListener@5d717f07, org.springframework.test.context.support.DirtiesContextBeforeModesTestExecutionListener@1c223124, org.springframework.boot.test.mock.mockito.MockitoTestExecutionListener@252a8030, org.springframework.boot.test.autoconfigure.SpringBootDependencyInjectionTestExecutionListener@5e755a67, org.springframework.test.context.support.DirtiesContextTestExecutionListener@82a9fe9, org.springframework.test.context.transaction.TransactionalTestExecutionListener@50c34d9, org.springframework.test.context.jdbc.SqlScriptsTestExecutionListener@74d61f48, org.springframework.security.test.context.support.WithSecurityContextTestExecutionListener@84c5d7, org.springframework.security.test.context.support.ReactorContextTestExecutionListener@5c8dc7f9, org.springframework.boot.test.autoconfigure.restdocs.RestDocsTestExecutionListener@38438a4d, org.springframework.boot.test.autoconfigure.web.client.MockRestServiceServerResetTestExecutionListener@7c2bee52, org.springframework.boot.test.autoconfigure.web.servlet.MockMvcPrintOnlyOnFailureTestExecutionListener@5aa7267d, org.springframework.boot.test.autoconfigure.web.servlet.WebDriverTestExecutionListener@68a780df, org.springframework.boot.test.mock.mockito.ResetMocksTestExecutionListener@4c127e64]
22:00:35.847 [Test worker] DEBUG org.springframework.test.annotation.ProfileValueUtils - Retrieved @ProfileValueSourceConfiguration [null] for test class [com.junseong.book.springboot.domain.posts.PostsRepositoryTest]
22:00:35.847 [Test worker] DEBUG org.springframework.test.annotation.ProfileValueUtils - Retrieved ProfileValueSource type [class org.springframework.test.annotation.SystemProfileValueSource] for class [com.junseong.book.springboot.domain.posts.PostsRepositoryTest]
22:00:35.847 [Test worker] DEBUG org.springframework.test.annotation.ProfileValueUtils - Retrieved @ProfileValueSourceConfiguration [null] for test class [com.junseong.book.springboot.domain.posts.PostsRepositoryTest]
22:00:35.847 [Test worker] DEBUG org.springframework.test.annotation.ProfileValueUtils - Retrieved ProfileValueSource type [class org.springframework.test.annotation.SystemProfileValueSource] for class [com.junseong.book.springboot.domain.posts.PostsRepositoryTest]
22:00:35.864 [Test worker] DEBUG org.springframework.test.context.support.AbstractDirtiesContextTestExecutionListener - Before test class: context [DefaultTestContext@7e93dd21 testClass = PostsRepositoryTest, testInstance = [null], testMethod = [null], testException = [null], mergedContextConfiguration = [WebMergedContextConfiguration@6656fe69 testClass = PostsRepositoryTest, locations = '{}', classes = '{class com.junseong.book.springboot.Application}', contextInitializerClasses = '[]', activeProfiles = '{}', propertySourceLocations = '{}', propertySourceProperties = '{org.springframework.boot.test.context.SpringBootTestContextBootstrapper=true}', contextCustomizers = set[org.springframework.boot.test.autoconfigure.properties.PropertyMappingContextCustomizer@0, org.springframework.boot.test.autoconfigure.web.servlet.WebDriverContextCustomizerFactory$Customizer@1cf0a8, org.springframework.boot.test.context.filter.ExcludeFilterContextCustomizer@2f99bf0f, org.springframework.boot.test.json.DuplicateJsonObjectContextCustomizerFactory$DuplicateJsonObjectContextCustomizer@67b22065, org.springframework.boot.test.mock.mockito.MockitoContextCustomizer@0, org.springframework.boot.test.web.client.TestRestTemplateContextCustomizer@2cabfee9], resourceBasePath = 'src/main/webapp', contextLoader = 'org.springframework.boot.test.context.SpringBootContextLoader', parent = [null]], attributes = map['org.springframework.test.context.web.ServletTestExecutionListener.activateListener' -> true]], class annotated with @DirtiesContext [false] with mode [null].
22:00:35.864 [Test worker] DEBUG org.springframework.test.annotation.ProfileValueUtils - Retrieved @ProfileValueSourceConfiguration [null] for test class [com.junseong.book.springboot.domain.posts.PostsRepositoryTest]
22:00:35.864 [Test worker] DEBUG org.springframework.test.annotation.ProfileValueUtils - Retrieved ProfileValueSource type [class org.springframework.test.annotation.SystemProfileValueSource] for class [com.junseong.book.springboot.domain.posts.PostsRepositoryTest]
22:00:35.880 [Test worker] DEBUG org.springframework.test.context.support.TestPropertySourceUtils - Adding inlined properties to environment: {spring.jmx.enabled=false, org.springframework.boot.test.context.SpringBootTestContextBootstrapper=true, server.port=-1}

  .   ____          _            __ _ _
 /\\ / ___'_ __ _ _(_)_ __  __ _ \ \ \ \
( ( )\___ | '_ | '_| | '_ \/ _` | \ \ \ \
 \\/  ___)| |_)| | | | | || (_| |  ) ) ) )
  '  |____| .__|_| |_|_| |_\__, | / / / /
 =========|_|==============|___/=/_/_/_/
 :: Spring Boot ::        (v2.1.9.RELEASE)

2021-03-05 22:00:36.150  INFO 9584 --- [    Test worker] c.j.b.s.d.posts.PostsRepositoryTest      : Starting PostsRepositoryTest on DESKTOP-34D3ITU with PID 9584 (started by junseong in C:\Users\pjs39\Desktop\study\webservice)
2021-03-05 22:00:36.150  INFO 9584 --- [    Test worker] c.j.b.s.d.posts.PostsRepositoryTest      : No active profile set, falling back to default profiles: default
2021-03-05 22:00:37.279  INFO 9584 --- [    Test worker] .s.d.r.c.RepositoryConfigurationDelegate : Bootstrapping Spring Data repositories in DEFAULT mode.
2021-03-05 22:00:37.409  INFO 9584 --- [    Test worker] .s.d.r.c.RepositoryConfigurationDelegate : Finished Spring Data repository scanning in 116ms. Found 2 repository interfaces.
2021-03-05 22:00:38.031  INFO 9584 --- [    Test worker] trationDelegate$BeanPostProcessorChecker : Bean 'org.springframework.transaction.annotation.ProxyTransactionManagementConfiguration' of type [org.springframework.transaction.annotation.ProxyTransactionManagementConfiguration$$EnhancerBySpringCGLIB$$1df03daf] is not eligible for getting processed by all BeanPostProcessors (for example: not eligible for auto-proxying)
2021-03-05 22:00:38.291  INFO 9584 --- [    Test worker] com.zaxxer.hikari.HikariDataSource       : HikariPool-1 - Starting...
2021-03-05 22:00:38.521  INFO 9584 --- [    Test worker] com.zaxxer.hikari.HikariDataSource       : HikariPool-1 - Start completed.
2021-03-05 22:00:38.689  INFO 9584 --- [    Test worker] o.hibernate.jpa.internal.util.LogHelper  : HHH000204: Processing PersistenceUnitInfo [
	name: default
	...]
2021-03-05 22:00:38.824  INFO 9584 --- [    Test worker] org.hibernate.Version                    : HHH000412: Hibernate Core {5.3.12.Final}
2021-03-05 22:00:38.824  INFO 9584 --- [    Test worker] org.hibernate.cfg.Environment            : HHH000206: hibernate.properties not found
2021-03-05 22:00:39.098  INFO 9584 --- [    Test worker] o.hibernate.annotations.common.Version   : HCANN000001: Hibernate Commons Annotations {5.0.4.Final}
2021-03-05 22:00:39.294  INFO 9584 --- [    Test worker] org.hibernate.dialect.Dialect            : HHH000400: Using dialect: org.hibernate.dialect.MySQL5InnoDBDialect
Hibernate: drop table if exists posts
Hibernate: drop table if exists user
Hibernate: create table posts (id bigint not null auto_increment, created_date datetime, modified_date datetime, author varchar(255), content TEXT not null, title varchar(500) not null, primary key (id)) engine=InnoDB
Hibernate: create table user (id bigint not null auto_increment, created_date datetime, modified_date datetime, email varchar(255) not null, name varchar(255) not null, picture varchar(255), role varchar(255) not null, primary key (id)) engine=InnoDB
2021-03-05 22:00:40.094  INFO 9584 --- [    Test worker] o.h.t.schema.internal.SchemaCreatorImpl  : HHH000476: Executing import script 'org.hibernate.tool.schema.internal.exec.ScriptSourceInputNonExistentImpl@10f51174'
2021-03-05 22:00:40.109  INFO 9584 --- [    Test worker] j.LocalContainerEntityManagerFactoryBean : Initialized JPA EntityManagerFactory for persistence unit 'default'
2021-03-05 22:00:40.820  INFO 9584 --- [    Test worker] o.h.h.i.QueryTranslatorFactoryInitiator  : HHH000397: Using ASTQueryTranslatorFactory
2021-03-05 22:00:41.474  INFO 9584 --- [    Test worker] o.s.s.web.DefaultSecurityFilterChain     : Creating filter chain: any request, [org.springframework.security.web.context.request.async.WebAsyncManagerIntegrationFilter@584d2fd1, org.springframework.security.web.context.SecurityContextPersistenceFilter@3c1d1a2d, org.springframework.security.web.header.HeaderWriterFilter@24170543, org.springframework.security.web.authentication.logout.LogoutFilter@607bffc8, org.springframework.security.oauth2.client.web.OAuth2AuthorizationRequestRedirectFilter@6e6d496d, org.springframework.security.oauth2.client.web.OAuth2LoginAuthenticationFilter@337cd1cd, org.springframework.security.web.authentication.ui.DefaultLoginPageGeneratingFilter@13c3cc, org.springframework.security.web.authentication.ui.DefaultLogoutPageGeneratingFilter@d08e79, org.springframework.security.web.savedrequest.RequestCacheAwareFilter@4c0eba64, org.springframework.security.web.servletapi.SecurityContextHolderAwareRequestFilter@80172e1, org.springframework.security.web.authentication.AnonymousAuthenticationFilter@721dab49, org.springframework.security.web.session.SessionManagementFilter@7a28a4cc, org.springframework.security.web.access.ExceptionTranslationFilter@26de1976, org.springframework.security.web.access.intercept.FilterSecurityInterceptor@116ec5b7]
2021-03-05 22:00:42.123  INFO 9584 --- [    Test worker] o.s.s.concurrent.ThreadPoolTaskExecutor  : Initializing ExecutorService 'applicationTaskExecutor'
2021-03-05 22:00:42.188  WARN 9584 --- [    Test worker] aWebConfiguration$JpaWebMvcConfiguration : spring.jpa.open-in-view is enabled by default. Therefore, database queries may be performed during view rendering. Explicitly configure spring.jpa.open-in-view to disable this warning
2021-03-05 22:00:42.252  INFO 9584 --- [    Test worker] o.s.b.a.w.s.WelcomePageHandlerMapping    : Adding welcome page template: index
2021-03-05 22:00:42.829  INFO 9584 --- [    Test worker] s.a.ScheduledAnnotationBeanPostProcessor : No TaskScheduler/ScheduledExecutorService bean found for scheduled processing
2021-03-05 22:00:42.829  INFO 9584 --- [    Test worker] c.j.b.s.d.posts.PostsRepositoryTest      : Started PostsRepositoryTest in 6.933 seconds (JVM running for 8.124)
Hibernate: insert into posts (created_date, modified_date, author, content, title) values (?, ?, ?, ?, ?)
Hibernate: select posts0_.id as id1_0_, posts0_.created_date as created_2_0_, posts0_.modified_date as modified3_0_, posts0_.author as author4_0_, posts0_.content as content5_0_, posts0_.title as title6_0_ from posts posts0_
Hibernate: select posts0_.id as id1_0_, posts0_.created_date as created_2_0_, posts0_.modified_date as modified3_0_, posts0_.author as author4_0_, posts0_.content as content5_0_, posts0_.title as title6_0_ from posts posts0_
Hibernate: delete from posts where id=?
Hibernate: insert into posts (created_date, modified_date, author, content, title) values (?, ?, ?, ?, ?)
Hibernate: select posts0_.id as id1_0_, posts0_.created_date as created_2_0_, posts0_.modified_date as modified3_0_, posts0_.author as author4_0_, posts0_.content as content5_0_, posts0_.title as title6_0_ from posts posts0_
>>>>>>>> createDate=2021-03-05T22:00:43.186417, modifiedDate=2021-03-05T22:00:43.186417
Hibernate: select posts0_.id as id1_0_, posts0_.created_date as created_2_0_, posts0_.modified_date as modified3_0_, posts0_.author as author4_0_, posts0_.content as content5_0_, posts0_.title as title6_0_ from posts posts0_
Hibernate: delete from posts where id=?
]]></system-out>
  <system-err><![CDATA[]]></system-err>
</testsuite>
